::1 - - [15/Jan/2018:06:38:51 +0000] "GET /favicon.ico HTTP/1.1" 500 23 "http://localhost:8000/" "Mozilla/5.0 (X11; Linux x86_64) AppleWebKit/537.36 (KHTML, like Gecko) Chrome/60.0.3112.101 Safari/537.36"
::1 - - [15/Jan/2018:06:38:52 +0000] "GET /favicon.ico HTTP/1.1" 500 23 "http://localhost:8000/" "Mozilla/5.0 (X11; Linux x86_64) AppleWebKit/537.36 (KHTML, like Gecko) Chrome/60.0.3112.101 Safari/537.36"
::1 - - [15/Jan/2018:06:38:52 +0000] "POST /user/getList HTTP/1.1" 200 188 "http://localhost:8000/" "Mozilla/5.0 (X11; Linux x86_64) AppleWebKit/537.36 (KHTML, like Gecko) Chrome/60.0.3112.101 Safari/537.36"
::1 - - [15/Jan/2018:06:38:53 +0000] "GET /favicon.ico HTTP/1.1" 500 23 "http://localhost:8000/" "Mozilla/5.0 (X11; Linux x86_64) AppleWebKit/537.36 (KHTML, like Gecko) Chrome/60.0.3112.101 Safari/537.36"
::1 - - [15/Jan/2018:06:38:53 +0000] "POST /payment/getList HTTP/1.1" 200 15 "http://localhost:8000/" "Mozilla/5.0 (X11; Linux x86_64) AppleWebKit/537.36 (KHTML, like Gecko) Chrome/60.0.3112.101 Safari/537.36"
::1 - - [15/Jan/2018:06:38:57 +0000] "POST /user/getList HTTP/1.1" 200 128 "http://localhost:8000/" "Mozilla/5.0 (X11; Linux x86_64) AppleWebKit/537.36 (KHTML, like Gecko) Chrome/60.0.3112.101 Safari/537.36"
::1 - - [15/Jan/2018:06:38:57 +0000] "POST /user/getList HTTP/1.1" 200 69 "http://localhost:8000/" "Mozilla/5.0 (X11; Linux x86_64) AppleWebKit/537.36 (KHTML, like Gecko) Chrome/60.0.3112.101 Safari/537.36"
::1 - - [15/Jan/2018:06:38:57 +0000] "POST /user/getList HTTP/1.1" 200 69 "http://localhost:8000/" "Mozilla/5.0 (X11; Linux x86_64) AppleWebKit/537.36 (KHTML, like Gecko) Chrome/60.0.3112.101 Safari/537.36"
::1 - - [15/Jan/2018:06:38:58 +0000] "POST /user/getList HTTP/1.1" 200 128 "http://localhost:8000/" "Mozilla/5.0 (X11; Linux x86_64) AppleWebKit/537.36 (KHTML, like Gecko) Chrome/60.0.3112.101 Safari/537.36"
::1 - - [15/Jan/2018:06:38:58 +0000] "POST /user/getList HTTP/1.1" 200 70 "http://localhost:8000/" "Mozilla/5.0 (X11; Linux x86_64) AppleWebKit/537.36 (KHTML, like Gecko) Chrome/60.0.3112.101 Safari/537.36"
::1 - - [15/Jan/2018:06:38:58 +0000] "POST /user/getList HTTP/1.1" 200 70 "http://localhost:8000/" "Mozilla/5.0 (X11; Linux x86_64) AppleWebKit/537.36 (KHTML, like Gecko) Chrome/60.0.3112.101 Safari/537.36"
::1 - - [15/Jan/2018:06:38:58 +0000] "POST /user/getList HTTP/1.1" 200 70 "http://localhost:8000/" "Mozilla/5.0 (X11; Linux x86_64) AppleWebKit/537.36 (KHTML, like Gecko) Chrome/60.0.3112.101 Safari/537.36"
::1 - - [15/Jan/2018:06:39:00 +0000] "POST /payment/create HTTP/1.1" 200 34 "http://localhost:8000/" "Mozilla/5.0 (X11; Linux x86_64) AppleWebKit/537.36 (KHTML, like Gecko) Chrome/60.0.3112.101 Safari/537.36"
::1 - - [15/Jan/2018:06:39:17 +0000] "GET /favicon.ico HTTP/1.1" 500 23 "http://localhost:8000/" "Mozilla/5.0 (X11; Linux x86_64) AppleWebKit/537.36 (KHTML, like Gecko) Chrome/60.0.3112.101 Safari/537.36"
::1 - - [15/Jan/2018:06:39:17 +0000] "POST /payment/getList HTTP/1.1" 200 106 "http://localhost:8000/" "Mozilla/5.0 (X11; Linux x86_64) AppleWebKit/537.36 (KHTML, like Gecko) Chrome/60.0.3112.101 Safari/537.36"
::1 - - [15/Jan/2018:06:39:27 +0000] "GET /externalModules/css/bootstrap.css.map HTTP/1.1" 500 23 "-" "Mozilla/5.0 (X11; Linux x86_64) AppleWebKit/537.36 (KHTML, like Gecko) Chrome/60.0.3112.101 Safari/537.36"
::1 - - [15/Jan/2018:06:39:49 +0000] "GET /externalModules/css/bootstrap.css.map HTTP/1.1" 500 23 "-" "Mozilla/5.0 (X11; Linux x86_64) AppleWebKit/537.36 (KHTML, like Gecko) Chrome/60.0.3112.101 Safari/537.36"
::1 - - [15/Jan/2018:06:39:49 +0000] "GET /favicon.ico HTTP/1.1" 500 23 "http://localhost:8000/" "Mozilla/5.0 (X11; Linux x86_64) AppleWebKit/537.36 (KHTML, like Gecko) Chrome/60.0.3112.101 Safari/537.36"
::1 - - [15/Jan/2018:06:39:49 +0000] "POST /payment/getList HTTP/1.1" 200 106 "http://localhost:8000/" "Mozilla/5.0 (X11; Linux x86_64) AppleWebKit/537.36 (KHTML, like Gecko) Chrome/60.0.3112.101 Safari/537.36"
::1 - - [15/Jan/2018:06:40:26 +0000] "POST /user/getList HTTP/1.1" 200 128 "http://localhost:8000/" "Mozilla/5.0 (X11; Linux x86_64) AppleWebKit/537.36 (KHTML, like Gecko) Chrome/60.0.3112.101 Safari/537.36"
::1 - - [15/Jan/2018:06:40:26 +0000] "POST /user/getList HTTP/1.1" 200 69 "http://localhost:8000/" "Mozilla/5.0 (X11; Linux x86_64) AppleWebKit/537.36 (KHTML, like Gecko) Chrome/60.0.3112.101 Safari/537.36"
::1 - - [15/Jan/2018:06:40:27 +0000] "POST /user/getList HTTP/1.1" 200 128 "http://localhost:8000/" "Mozilla/5.0 (X11; Linux x86_64) AppleWebKit/537.36 (KHTML, like Gecko) Chrome/60.0.3112.101 Safari/537.36"
::1 - - [15/Jan/2018:06:40:27 +0000] "POST /user/getList HTTP/1.1" 200 70 "http://localhost:8000/" "Mozilla/5.0 (X11; Linux x86_64) AppleWebKit/537.36 (KHTML, like Gecko) Chrome/60.0.3112.101 Safari/537.36"
::1 - - [15/Jan/2018:06:42:05 +0000] "GET /externalModules/css/bootstrap.css.map HTTP/1.1" 500 23 "-" "Mozilla/5.0 (X11; Linux x86_64) AppleWebKit/537.36 (KHTML, like Gecko) Chrome/60.0.3112.101 Safari/537.36"
::1 - - [15/Jan/2018:06:42:05 +0000] "GET /favicon.ico HTTP/1.1" 500 23 "http://localhost:8000/" "Mozilla/5.0 (X11; Linux x86_64) AppleWebKit/537.36 (KHTML, like Gecko) Chrome/60.0.3112.101 Safari/537.36"
::1 - - [15/Jan/2018:06:42:05 +0000] "POST /payment/getList HTTP/1.1" 200 106 "http://localhost:8000/" "Mozilla/5.0 (X11; Linux x86_64) AppleWebKit/537.36 (KHTML, like Gecko) Chrome/60.0.3112.101 Safari/537.36"
::1 - - [15/Jan/2018:06:42:13 +0000] "POST /user/getList HTTP/1.1" 200 128 "http://localhost:8000/" "Mozilla/5.0 (X11; Linux x86_64) AppleWebKit/537.36 (KHTML, like Gecko) Chrome/60.0.3112.101 Safari/537.36"
::1 - - [15/Jan/2018:06:42:13 +0000] "POST /user/getList HTTP/1.1" 200 69 "http://localhost:8000/" "Mozilla/5.0 (X11; Linux x86_64) AppleWebKit/537.36 (KHTML, like Gecko) Chrome/60.0.3112.101 Safari/537.36"
::1 - - [15/Jan/2018:06:42:15 +0000] "POST /user/getList HTTP/1.1" 200 128 "http://localhost:8000/" "Mozilla/5.0 (X11; Linux x86_64) AppleWebKit/537.36 (KHTML, like Gecko) Chrome/60.0.3112.101 Safari/537.36"
::1 - - [15/Jan/2018:06:42:15 +0000] "POST /user/getList HTTP/1.1" 200 70 "http://localhost:8000/" "Mozilla/5.0 (X11; Linux x86_64) AppleWebKit/537.36 (KHTML, like Gecko) Chrome/60.0.3112.101 Safari/537.36"
::1 - - [15/Jan/2018:06:42:21 +0000] "POST /payment/create HTTP/1.1" 200 34 "http://localhost:8000/" "Mozilla/5.0 (X11; Linux x86_64) AppleWebKit/537.36 (KHTML, like Gecko) Chrome/60.0.3112.101 Safari/537.36"
::1 - - [15/Jan/2018:06:43:27 +0000] "GET /favicon.ico HTTP/1.1" 500 23 "http://localhost:8000/" "Mozilla/5.0 (X11; Linux x86_64) AppleWebKit/537.36 (KHTML, like Gecko) Chrome/60.0.3112.101 Safari/537.36"
::1 - - [15/Jan/2018:06:43:27 +0000] "POST /hotel/getList HTTP/1.1" 200 145 "http://localhost:8000/" "Mozilla/5.0 (X11; Linux x86_64) AppleWebKit/537.36 (KHTML, like Gecko) Chrome/60.0.3112.101 Safari/537.36"
::1 - - [15/Jan/2018:06:43:27 +0000] "GET /favicon.ico HTTP/1.1" 500 23 "http://localhost:8000/" "Mozilla/5.0 (X11; Linux x86_64) AppleWebKit/537.36 (KHTML, like Gecko) Chrome/60.0.3112.101 Safari/537.36"
::1 - - [15/Jan/2018:06:43:27 +0000] "POST /eatHistory/getList HTTP/1.1" 200 - "http://localhost:8000/" "Mozilla/5.0 (X11; Linux x86_64) AppleWebKit/537.36 (KHTML, like Gecko) Chrome/60.0.3112.101 Safari/537.36"
::1 - - [15/Jan/2018:06:43:28 +0000] "POST /payment/getList HTTP/1.1" 200 15 "http://localhost:8000/" "Mozilla/5.0 (X11; Linux x86_64) AppleWebKit/537.36 (KHTML, like Gecko) Chrome/60.0.3112.101 Safari/537.36"
::1 - - [15/Jan/2018:06:43:28 +0000] "GET /favicon.ico HTTP/1.1" 500 23 "http://localhost:8000/" "Mozilla/5.0 (X11; Linux x86_64) AppleWebKit/537.36 (KHTML, like Gecko) Chrome/60.0.3112.101 Safari/537.36"
::1 - - [15/Jan/2018:06:43:31 +0000] "POST /user/getList HTTP/1.1" 200 128 "http://localhost:8000/" "Mozilla/5.0 (X11; Linux x86_64) AppleWebKit/537.36 (KHTML, like Gecko) Chrome/60.0.3112.101 Safari/537.36"
::1 - - [15/Jan/2018:06:43:31 +0000] "POST /user/getList HTTP/1.1" 200 70 "http://localhost:8000/" "Mozilla/5.0 (X11; Linux x86_64) AppleWebKit/537.36 (KHTML, like Gecko) Chrome/60.0.3112.101 Safari/537.36"
::1 - - [15/Jan/2018:06:43:31 +0000] "POST /user/getList HTTP/1.1" 200 70 "http://localhost:8000/" "Mozilla/5.0 (X11; Linux x86_64) AppleWebKit/537.36 (KHTML, like Gecko) Chrome/60.0.3112.101 Safari/537.36"
::1 - - [15/Jan/2018:06:43:32 +0000] "POST /user/getList HTTP/1.1" 200 70 "http://localhost:8000/" "Mozilla/5.0 (X11; Linux x86_64) AppleWebKit/537.36 (KHTML, like Gecko) Chrome/60.0.3112.101 Safari/537.36"
::1 - - [15/Jan/2018:06:43:32 +0000] "POST /user/getList HTTP/1.1" 200 70 "http://localhost:8000/" "Mozilla/5.0 (X11; Linux x86_64) AppleWebKit/537.36 (KHTML, like Gecko) Chrome/60.0.3112.101 Safari/537.36"
::1 - - [15/Jan/2018:06:43:32 +0000] "POST /user/getList HTTP/1.1" 200 70 "http://localhost:8000/" "Mozilla/5.0 (X11; Linux x86_64) AppleWebKit/537.36 (KHTML, like Gecko) Chrome/60.0.3112.101 Safari/537.36"
::1 - - [15/Jan/2018:06:43:32 +0000] "POST /user/getList HTTP/1.1" 200 128 "http://localhost:8000/" "Mozilla/5.0 (X11; Linux x86_64) AppleWebKit/537.36 (KHTML, like Gecko) Chrome/60.0.3112.101 Safari/537.36"
::1 - - [15/Jan/2018:06:43:32 +0000] "POST /user/getList HTTP/1.1" 200 69 "http://localhost:8000/" "Mozilla/5.0 (X11; Linux x86_64) AppleWebKit/537.36 (KHTML, like Gecko) Chrome/60.0.3112.101 Safari/537.36"
::1 - - [15/Jan/2018:06:43:33 +0000] "POST /user/getList HTTP/1.1" 200 69 "http://localhost:8000/" "Mozilla/5.0 (X11; Linux x86_64) AppleWebKit/537.36 (KHTML, like Gecko) Chrome/60.0.3112.101 Safari/537.36"
::1 - - [15/Jan/2018:06:43:35 +0000] "POST /payment/create HTTP/1.1" 200 34 "http://localhost:8000/" "Mozilla/5.0 (X11; Linux x86_64) AppleWebKit/537.36 (KHTML, like Gecko) Chrome/60.0.3112.101 Safari/537.36"
::1 - - [15/Jan/2018:06:43:38 +0000] "POST /eatHistory/getList HTTP/1.1" 200 - "http://localhost:8000/" "Mozilla/5.0 (X11; Linux x86_64) AppleWebKit/537.36 (KHTML, like Gecko) Chrome/60.0.3112.101 Safari/537.36"
::1 - - [15/Jan/2018:06:43:38 +0000] "GET /favicon.ico HTTP/1.1" 500 23 "http://localhost:8000/" "Mozilla/5.0 (X11; Linux x86_64) AppleWebKit/537.36 (KHTML, like Gecko) Chrome/60.0.3112.101 Safari/537.36"
::1 - - [15/Jan/2018:06:43:39 +0000] "POST /payment/getList HTTP/1.1" 200 186 "http://localhost:8000/" "Mozilla/5.0 (X11; Linux x86_64) AppleWebKit/537.36 (KHTML, like Gecko) Chrome/60.0.3112.101 Safari/537.36"
::1 - - [15/Jan/2018:06:43:39 +0000] "GET /favicon.ico HTTP/1.1" 500 23 "http://localhost:8000/" "Mozilla/5.0 (X11; Linux x86_64) AppleWebKit/537.36 (KHTML, like Gecko) Chrome/60.0.3112.101 Safari/537.36"
::1 - - [15/Jan/2018:06:45:03 +0000] "GET /favicon.ico HTTP/1.1" 500 23 "http://localhost:8000/" "Mozilla/5.0 (X11; Linux x86_64) AppleWebKit/537.36 (KHTML, like Gecko) Chrome/60.0.3112.101 Safari/537.36"
::1 - - [15/Jan/2018:06:45:03 +0000] "POST /item/getList HTTP/1.1" 200 877 "http://localhost:8000/" "Mozilla/5.0 (X11; Linux x86_64) AppleWebKit/537.36 (KHTML, like Gecko) Chrome/60.0.3112.101 Safari/537.36"
::1 - - [15/Jan/2018:06:45:06 +0000] "POST /payment/getList HTTP/1.1" 200 233 "http://localhost:8000/" "Mozilla/5.0 (X11; Linux x86_64) AppleWebKit/537.36 (KHTML, like Gecko) Chrome/60.0.3112.101 Safari/537.36"
::1 - - [15/Jan/2018:06:45:06 +0000] "GET /favicon.ico HTTP/1.1" 500 23 "http://localhost:8000/" "Mozilla/5.0 (X11; Linux x86_64) AppleWebKit/537.36 (KHTML, like Gecko) Chrome/60.0.3112.101 Safari/537.36"
::1 - - [15/Jan/2018:06:45:07 +0000] "POST /item/getList HTTP/1.1" 200 877 "http://localhost:8000/" "Mozilla/5.0 (X11; Linux x86_64) AppleWebKit/537.36 (KHTML, like Gecko) Chrome/60.0.3112.101 Safari/537.36"
::1 - - [15/Jan/2018:06:45:07 +0000] "GET /favicon.ico HTTP/1.1" 500 23 "http://localhost:8000/" "Mozilla/5.0 (X11; Linux x86_64) AppleWebKit/537.36 (KHTML, like Gecko) Chrome/60.0.3112.101 Safari/537.36"
::1 - - [15/Jan/2018:06:45:08 +0000] "POST /payment/getList HTTP/1.1" 200 233 "http://localhost:8000/" "Mozilla/5.0 (X11; Linux x86_64) AppleWebKit/537.36 (KHTML, like Gecko) Chrome/60.0.3112.101 Safari/537.36"
::1 - - [15/Jan/2018:06:45:08 +0000] "GET /favicon.ico HTTP/1.1" 500 23 "http://localhost:8000/" "Mozilla/5.0 (X11; Linux x86_64) AppleWebKit/537.36 (KHTML, like Gecko) Chrome/60.0.3112.101 Safari/537.36"
::1 - - [15/Jan/2018:06:45:11 +0000] "POST /payment/update HTTP/1.1" 200 34 "http://localhost:8000/" "Mozilla/5.0 (X11; Linux x86_64) AppleWebKit/537.36 (KHTML, like Gecko) Chrome/60.0.3112.101 Safari/537.36"
::1 - - [15/Jan/2018:06:45:13 +0000] "POST /payment/update HTTP/1.1" 200 34 "http://localhost:8000/" "Mozilla/5.0 (X11; Linux x86_64) AppleWebKit/537.36 (KHTML, like Gecko) Chrome/60.0.3112.101 Safari/537.36"
::1 - - [15/Jan/2018:07:13:45 +0000] "GET /favicon.ico HTTP/1.1" 500 23 "http://localhost:8000/" "Mozilla/5.0 (X11; Linux x86_64) AppleWebKit/537.36 (KHTML, like Gecko) Chrome/60.0.3112.101 Safari/537.36"
::1 - - [15/Jan/2018:07:13:45 +0000] "GET /favicon.ico HTTP/1.1" 500 23 "http://localhost:8000/" "Mozilla/5.0 (X11; Linux x86_64) AppleWebKit/537.36 (KHTML, like Gecko) Chrome/60.0.3112.101 Safari/537.36"
::1 - - [15/Jan/2018:07:13:45 +0000] "POST /user/getList HTTP/1.1" 200 188 "http://localhost:8000/" "Mozilla/5.0 (X11; Linux x86_64) AppleWebKit/537.36 (KHTML, like Gecko) Chrome/60.0.3112.101 Safari/537.36"
::1 - - [15/Jan/2018:07:13:46 +0000] "GET /favicon.ico HTTP/1.1" 500 23 "http://localhost:8000/" "Mozilla/5.0 (X11; Linux x86_64) AppleWebKit/537.36 (KHTML, like Gecko) Chrome/60.0.3112.101 Safari/537.36"
::1 - - [15/Jan/2018:07:13:46 +0000] "POST /payment/getList HTTP/1.1" 200 233 "http://localhost:8000/" "Mozilla/5.0 (X11; Linux x86_64) AppleWebKit/537.36 (KHTML, like Gecko) Chrome/60.0.3112.101 Safari/537.36"
::1 - - [15/Jan/2018:07:13:47 +0000] "GET /favicon.ico HTTP/1.1" 500 23 "http://localhost:8000/" "Mozilla/5.0 (X11; Linux x86_64) AppleWebKit/537.36 (KHTML, like Gecko) Chrome/60.0.3112.101 Safari/537.36"
::1 - - [15/Jan/2018:07:13:47 +0000] "POST /eatHistory/getList HTTP/1.1" 200 - "http://localhost:8000/" "Mozilla/5.0 (X11; Linux x86_64) AppleWebKit/537.36 (KHTML, like Gecko) Chrome/60.0.3112.101 Safari/537.36"
::1 - - [15/Jan/2018:07:13:48 +0000] "POST /eatHistory/getList HTTP/1.1" 200 456 "http://localhost:8000/" "Mozilla/5.0 (X11; Linux x86_64) AppleWebKit/537.36 (KHTML, like Gecko) Chrome/60.0.3112.101 Safari/537.36"
::1 - - [15/Jan/2018:07:14:23 +0000] "GET /favicon.ico HTTP/1.1" 500 23 "http://localhost:8000/" "Mozilla/5.0 (X11; Linux x86_64) AppleWebKit/537.36 (KHTML, like Gecko) Chrome/60.0.3112.101 Safari/537.36"
::1 - - [15/Jan/2018:07:14:23 +0000] "POST /eatHistory/getList HTTP/1.1" 200 - "http://localhost:8000/" "Mozilla/5.0 (X11; Linux x86_64) AppleWebKit/537.36 (KHTML, like Gecko) Chrome/60.0.3112.101 Safari/537.36"
::1 - - [15/Jan/2018:07:14:26 +0000] "POST /eatHistory/getList HTTP/1.1" 200 456 "http://localhost:8000/" "Mozilla/5.0 (X11; Linux x86_64) AppleWebKit/537.36 (KHTML, like Gecko) Chrome/60.0.3112.101 Safari/537.36"
::1 - - [15/Jan/2018:07:17:22 +0000] "GET /favicon.ico HTTP/1.1" 500 23 "http://localhost:8000/" "Mozilla/5.0 (X11; Linux x86_64) AppleWebKit/537.36 (KHTML, like Gecko) Chrome/60.0.3112.101 Safari/537.36"
::1 - - [15/Jan/2018:07:17:22 +0000] "POST /eatHistory/getList HTTP/1.1" 200 - "http://localhost:8000/" "Mozilla/5.0 (X11; Linux x86_64) AppleWebKit/537.36 (KHTML, like Gecko) Chrome/60.0.3112.101 Safari/537.36"
::1 - - [15/Jan/2018:07:17:25 +0000] "POST /eatHistory/getList HTTP/1.1" 200 456 "http://localhost:8000/" "Mozilla/5.0 (X11; Linux x86_64) AppleWebKit/537.36 (KHTML, like Gecko) Chrome/60.0.3112.101 Safari/537.36"
::1 - - [15/Jan/2018:07:17:41 +0000] "POST /eatHistory/getList HTTP/1.1" 200 456 "http://localhost:8000/" "Mozilla/5.0 (X11; Linux x86_64) AppleWebKit/537.36 (KHTML, like Gecko) Chrome/60.0.3112.101 Safari/537.36"
::1 - - [15/Jan/2018:07:17:53 +0000] "POST /eatHistory/update HTTP/1.1" 200 34 "http://localhost:8000/" "Mozilla/5.0 (X11; Linux x86_64) AppleWebKit/537.36 (KHTML, like Gecko) Chrome/60.0.3112.101 Safari/537.36"
::1 - - [15/Jan/2018:07:17:53 +0000] "POST /eatHistory/getList HTTP/1.1" 200 - "http://localhost:8000/" "Mozilla/5.0 (X11; Linux x86_64) AppleWebKit/537.36 (KHTML, like Gecko) Chrome/60.0.3112.101 Safari/537.36"
::1 - - [15/Jan/2018:07:17:56 +0000] "POST /eatHistory/getList HTTP/1.1" 200 471 "http://localhost:8000/" "Mozilla/5.0 (X11; Linux x86_64) AppleWebKit/537.36 (KHTML, like Gecko) Chrome/60.0.3112.101 Safari/537.36"
::1 - - [15/Jan/2018:07:17:59 +0000] "POST /payment/getList HTTP/1.1" 200 233 "http://localhost:8000/" "Mozilla/5.0 (X11; Linux x86_64) AppleWebKit/537.36 (KHTML, like Gecko) Chrome/60.0.3112.101 Safari/537.36"
::1 - - [15/Jan/2018:07:17:59 +0000] "GET /favicon.ico HTTP/1.1" 500 23 "http://localhost:8000/" "Mozilla/5.0 (X11; Linux x86_64) AppleWebKit/537.36 (KHTML, like Gecko) Chrome/60.0.3112.101 Safari/537.36"
::1 - - [15/Jan/2018:07:17:59 +0000] "POST /eatHistory/getList HTTP/1.1" 200 - "http://localhost:8000/" "Mozilla/5.0 (X11; Linux x86_64) AppleWebKit/537.36 (KHTML, like Gecko) Chrome/60.0.3112.101 Safari/537.36"
::1 - - [15/Jan/2018:07:17:59 +0000] "GET /favicon.ico HTTP/1.1" 500 23 "http://localhost:8000/" "Mozilla/5.0 (X11; Linux x86_64) AppleWebKit/537.36 (KHTML, like Gecko) Chrome/60.0.3112.101 Safari/537.36"
::1 - - [15/Jan/2018:07:18:00 +0000] "POST /eatHistory/getList HTTP/1.1" 200 471 "http://localhost:8000/" "Mozilla/5.0 (X11; Linux x86_64) AppleWebKit/537.36 (KHTML, like Gecko) Chrome/60.0.3112.101 Safari/537.36"
::1 - - [21/Jan/2018:10:20:07 +0000] "GET /favicon.ico HTTP/1.1" 500 23 "http://localhost:8000/" "Mozilla/5.0 (X11; Linux x86_64) AppleWebKit/537.36 (KHTML, like Gecko) Chrome/60.0.3112.101 Safari/537.36"
::1 - - [21/Jan/2018:10:20:07 +0000] "GET /favicon.ico HTTP/1.1" 500 23 "http://localhost:8000/" "Mozilla/5.0 (X11; Linux x86_64) AppleWebKit/537.36 (KHTML, like Gecko) Chrome/60.0.3112.101 Safari/537.36"
::1 - - [21/Jan/2018:10:20:07 +0000] "POST /user/getList HTTP/1.1" 200 633 "http://localhost:8000/" "Mozilla/5.0 (X11; Linux x86_64) AppleWebKit/537.36 (KHTML, like Gecko) Chrome/60.0.3112.101 Safari/537.36"
::1 - - [21/Jan/2018:10:20:09 +0000] "GET /externalModules/css/bootstrap.css.map HTTP/1.1" 500 23 "-" "Mozilla/5.0 (X11; Linux x86_64) AppleWebKit/537.36 (KHTML, like Gecko) Chrome/60.0.3112.101 Safari/537.36"
::1 - - [21/Jan/2018:10:20:51 +0000] "GET /favicon.ico HTTP/1.1" 500 23 "http://localhost:8000/" "Mozilla/5.0 (X11; Linux x86_64) AppleWebKit/537.36 (KHTML, like Gecko) Chrome/60.0.3112.101 Safari/537.36"
::1 - - [21/Jan/2018:10:20:51 +0000] "POST /payment/getList HTTP/1.1" 200 - "http://localhost:8000/" "Mozilla/5.0 (X11; Linux x86_64) AppleWebKit/537.36 (KHTML, like Gecko) Chrome/60.0.3112.101 Safari/537.36"
::1 - - [21/Jan/2018:10:20:54 +0000] "POST /user/getList HTTP/1.1" 200 135 "http://localhost:8000/" "Mozilla/5.0 (X11; Linux x86_64) AppleWebKit/537.36 (KHTML, like Gecko) Chrome/60.0.3112.101 Safari/537.36"
::1 - - [21/Jan/2018:10:20:55 +0000] "POST /user/getList HTTP/1.1" 200 135 "http://localhost:8000/" "Mozilla/5.0 (X11; Linux x86_64) AppleWebKit/537.36 (KHTML, like Gecko) Chrome/60.0.3112.101 Safari/537.36"
::1 - - [21/Jan/2018:10:20:55 +0000] "POST /user/getList HTTP/1.1" 200 135 "http://localhost:8000/" "Mozilla/5.0 (X11; Linux x86_64) AppleWebKit/537.36 (KHTML, like Gecko) Chrome/60.0.3112.101 Safari/537.36"
::1 - - [21/Jan/2018:10:21:11 +0000] "POST /payment/getPendings HTTP/1.1" 200 358 "http://localhost:8000/" "Mozilla/5.0 (X11; Linux x86_64) AppleWebKit/537.36 (KHTML, like Gecko) Chrome/60.0.3112.101 Safari/537.36"
::1 - - [21/Jan/2018:10:21:11 +0000] "POST /payment/getPendings HTTP/1.1" 200 358 "http://localhost:8000/" "Mozilla/5.0 (X11; Linux x86_64) AppleWebKit/537.36 (KHTML, like Gecko) Chrome/60.0.3112.101 Safari/537.36"
::1 - - [21/Jan/2018:10:29:19 +0000] "POST /user/getList HTTP/1.1" 200 134 "http://localhost:8000/" "Mozilla/5.0 (X11; Linux x86_64) AppleWebKit/537.36 (KHTML, like Gecko) Chrome/60.0.3112.101 Safari/537.36"
::1 - - [21/Jan/2018:10:29:20 +0000] "POST /user/getList HTTP/1.1" 200 12 "http://localhost:8000/" "Mozilla/5.0 (X11; Linux x86_64) AppleWebKit/537.36 (KHTML, like Gecko) Chrome/60.0.3112.101 Safari/537.36"
::1 - - [21/Jan/2018:10:29:20 +0000] "POST /user/getList HTTP/1.1" 200 134 "http://localhost:8000/" "Mozilla/5.0 (X11; Linux x86_64) AppleWebKit/537.36 (KHTML, like Gecko) Chrome/60.0.3112.101 Safari/537.36"
::1 - - [21/Jan/2018:10:29:21 +0000] "POST /user/getList HTTP/1.1" 200 135 "http://localhost:8000/" "Mozilla/5.0 (X11; Linux x86_64) AppleWebKit/537.36 (KHTML, like Gecko) Chrome/60.0.3112.101 Safari/537.36"
::1 - - [21/Jan/2018:10:29:21 +0000] "POST /user/getList HTTP/1.1" 200 135 "http://localhost:8000/" "Mozilla/5.0 (X11; Linux x86_64) AppleWebKit/537.36 (KHTML, like Gecko) Chrome/60.0.3112.101 Safari/537.36"
::1 - - [21/Jan/2018:10:29:21 +0000] "POST /user/getList HTTP/1.1" 200 135 "http://localhost:8000/" "Mozilla/5.0 (X11; Linux x86_64) AppleWebKit/537.36 (KHTML, like Gecko) Chrome/60.0.3112.101 Safari/537.36"
::1 - - [21/Jan/2018:10:29:35 +0000] "POST /payment/getPendings HTTP/1.1" 200 286 "http://localhost:8000/" "Mozilla/5.0 (X11; Linux x86_64) AppleWebKit/537.36 (KHTML, like Gecko) Chrome/60.0.3112.101 Safari/537.36"
::1 - - [21/Jan/2018:10:29:35 +0000] "POST /payment/getPendings HTTP/1.1" 200 286 "http://localhost:8000/" "Mozilla/5.0 (X11; Linux x86_64) AppleWebKit/537.36 (KHTML, like Gecko) Chrome/60.0.3112.101 Safari/537.36"
::1 - - [21/Jan/2018:10:34:18 +0000] "POST /user/getList HTTP/1.1" 200 71 "http://localhost:8000/" "Mozilla/5.0 (X11; Linux x86_64) AppleWebKit/537.36 (KHTML, like Gecko) Chrome/60.0.3112.101 Safari/537.36"
::1 - - [21/Jan/2018:10:34:34 +0000] "POST /payment/getPendings HTTP/1.1" 200 286 "http://localhost:8000/" "Mozilla/5.0 (X11; Linux x86_64) AppleWebKit/537.36 (KHTML, like Gecko) Chrome/60.0.3112.101 Safari/537.36"
::1 - - [21/Jan/2018:10:34:34 +0000] "POST /payment/getPendings HTTP/1.1" 200 286 "http://localhost:8000/" "Mozilla/5.0 (X11; Linux x86_64) AppleWebKit/537.36 (KHTML, like Gecko) Chrome/60.0.3112.101 Safari/537.36"
::1 - - [21/Jan/2018:10:34:59 +0000] "POST /user/getList HTTP/1.1" 200 71 "http://localhost:8000/" "Mozilla/5.0 (X11; Linux x86_64) AppleWebKit/537.36 (KHTML, like Gecko) Chrome/60.0.3112.101 Safari/537.36"
::1 - - [21/Jan/2018:10:35:18 +0000] "POST /payment/getPendings HTTP/1.1" 200 286 "http://localhost:8000/" "Mozilla/5.0 (X11; Linux x86_64) AppleWebKit/537.36 (KHTML, like Gecko) Chrome/60.0.3112.101 Safari/537.36"
::1 - - [21/Jan/2018:10:35:18 +0000] "POST /payment/getPendings HTTP/1.1" 200 286 "http://localhost:8000/" "Mozilla/5.0 (X11; Linux x86_64) AppleWebKit/537.36 (KHTML, like Gecko) Chrome/60.0.3112.101 Safari/537.36"
::1 - - [21/Jan/2018:10:43:19 +0000] "POST /user/getList HTTP/1.1" 200 71 "http://localhost:8000/" "Mozilla/5.0 (X11; Linux x86_64) AppleWebKit/537.36 (KHTML, like Gecko) Chrome/60.0.3112.101 Safari/537.36"
::1 - - [21/Jan/2018:10:43:28 +0000] "POST /user/getList HTTP/1.1" 200 71 "http://localhost:8000/" "Mozilla/5.0 (X11; Linux x86_64) AppleWebKit/537.36 (KHTML, like Gecko) Chrome/60.0.3112.101 Safari/537.36"
::1 - - [21/Jan/2018:10:43:40 +0000] "POST /payment/getPendings HTTP/1.1" 200 272 "http://localhost:8000/" "Mozilla/5.0 (X11; Linux x86_64) AppleWebKit/537.36 (KHTML, like Gecko) Chrome/60.0.3112.101 Safari/537.36"
::1 - - [21/Jan/2018:10:43:41 +0000] "POST /payment/getPendings HTTP/1.1" 200 272 "http://localhost:8000/" "Mozilla/5.0 (X11; Linux x86_64) AppleWebKit/537.36 (KHTML, like Gecko) Chrome/60.0.3112.101 Safari/537.36"
::1 - - [21/Jan/2018:10:43:44 +0000] "POST /payment/getPendings HTTP/1.1" 200 272 "http://localhost:8000/" "Mozilla/5.0 (X11; Linux x86_64) AppleWebKit/537.36 (KHTML, like Gecko) Chrome/60.0.3112.101 Safari/537.36"
::1 - - [21/Jan/2018:10:43:44 +0000] "POST /payment/getPendings HTTP/1.1" 200 272 "http://localhost:8000/" "Mozilla/5.0 (X11; Linux x86_64) AppleWebKit/537.36 (KHTML, like Gecko) Chrome/60.0.3112.101 Safari/537.36"
::1 - - [21/Jan/2018:10:48:41 +0000] "GET /favicon.ico HTTP/1.1" 500 23 "http://localhost:8000/" "Mozilla/5.0 (X11; Linux x86_64) AppleWebKit/537.36 (KHTML, like Gecko) Chrome/60.0.3112.101 Safari/537.36"
::1 - - [21/Jan/2018:10:48:45 +0000] "POST /eatHistory/getList HTTP/1.1" 200 - "http://localhost:8000/" "Mozilla/5.0 (X11; Linux x86_64) AppleWebKit/537.36 (KHTML, like Gecko) Chrome/60.0.3112.101 Safari/537.36"
::1 - - [21/Jan/2018:10:48:53 +0000] "GET /favicon.ico HTTP/1.1" 500 23 "http://localhost:8000/" "Mozilla/5.0 (X11; Linux x86_64) AppleWebKit/537.36 (KHTML, like Gecko) Chrome/60.0.3112.101 Safari/537.36"
::1 - - [21/Jan/2018:10:48:54 +0000] "POST /payment/getList HTTP/1.1" 200 - "http://localhost:8000/" "Mozilla/5.0 (X11; Linux x86_64) AppleWebKit/537.36 (KHTML, like Gecko) Chrome/60.0.3112.101 Safari/537.36"
::1 - - [21/Jan/2018:10:49:02 +0000] "POST /user/getList HTTP/1.1" 200 133 "http://localhost:8000/" "Mozilla/5.0 (X11; Linux x86_64) AppleWebKit/537.36 (KHTML, like Gecko) Chrome/60.0.3112.101 Safari/537.36"
::1 - - [21/Jan/2018:10:49:02 +0000] "POST /user/getList HTTP/1.1" 200 257 "http://localhost:8000/" "Mozilla/5.0 (X11; Linux x86_64) AppleWebKit/537.36 (KHTML, like Gecko) Chrome/60.0.3112.101 Safari/537.36"
::1 - - [21/Jan/2018:10:49:03 +0000] "POST /user/getList HTTP/1.1" 200 131 "http://localhost:8000/" "Mozilla/5.0 (X11; Linux x86_64) AppleWebKit/537.36 (KHTML, like Gecko) Chrome/60.0.3112.101 Safari/537.36"
::1 - - [21/Jan/2018:10:49:03 +0000] "POST /user/getList HTTP/1.1" 200 71 "http://localhost:8000/" "Mozilla/5.0 (X11; Linux x86_64) AppleWebKit/537.36 (KHTML, like Gecko) Chrome/60.0.3112.101 Safari/537.36"
::1 - - [21/Jan/2018:10:49:16 +0000] "POST /payment/getPendings HTTP/1.1" 200 193 "http://localhost:8000/" "Mozilla/5.0 (X11; Linux x86_64) AppleWebKit/537.36 (KHTML, like Gecko) Chrome/60.0.3112.101 Safari/537.36"
::1 - - [21/Jan/2018:10:49:16 +0000] "POST /payment/getPendings HTTP/1.1" 200 193 "http://localhost:8000/" "Mozilla/5.0 (X11; Linux x86_64) AppleWebKit/537.36 (KHTML, like Gecko) Chrome/60.0.3112.101 Safari/537.36"
::1 - - [21/Jan/2018:10:51:49 +0000] "GET /externalModules/css/bootstrap.css.map HTTP/1.1" 500 23 "-" "Mozilla/5.0 (X11; Linux x86_64) AppleWebKit/537.36 (KHTML, like Gecko) Chrome/60.0.3112.101 Safari/537.36"
::1 - - [21/Jan/2018:10:51:50 +0000] "GET /favicon.ico HTTP/1.1" 500 23 "http://localhost:8000/" "Mozilla/5.0 (X11; Linux x86_64) AppleWebKit/537.36 (KHTML, like Gecko) Chrome/60.0.3112.101 Safari/537.36"
::1 - - [21/Jan/2018:10:51:52 +0000] "POST /payment/getList HTTP/1.1" 200 - "http://localhost:8000/" "Mozilla/5.0 (X11; Linux x86_64) AppleWebKit/537.36 (KHTML, like Gecko) Chrome/60.0.3112.101 Safari/537.36"
::1 - - [21/Jan/2018:10:51:57 +0000] "POST /user/getList HTTP/1.1" 200 388 "http://localhost:8000/" "Mozilla/5.0 (X11; Linux x86_64) AppleWebKit/537.36 (KHTML, like Gecko) Chrome/60.0.3112.101 Safari/537.36"
::1 - - [21/Jan/2018:10:51:57 +0000] "POST /user/getList HTTP/1.1" 200 136 "http://localhost:8000/" "Mozilla/5.0 (X11; Linux x86_64) AppleWebKit/537.36 (KHTML, like Gecko) Chrome/60.0.3112.101 Safari/537.36"
::1 - - [21/Jan/2018:10:51:59 +0000] "POST /user/getList HTTP/1.1" 200 76 "http://localhost:8000/" "Mozilla/5.0 (X11; Linux x86_64) AppleWebKit/537.36 (KHTML, like Gecko) Chrome/60.0.3112.101 Safari/537.36"
::1 - - [21/Jan/2018:10:51:59 +0000] "POST /user/getList HTTP/1.1" 200 76 "http://localhost:8000/" "Mozilla/5.0 (X11; Linux x86_64) AppleWebKit/537.36 (KHTML, like Gecko) Chrome/60.0.3112.101 Safari/537.36"
::1 - - [21/Jan/2018:10:51:59 +0000] "POST /user/getList HTTP/1.1" 200 76 "http://localhost:8000/" "Mozilla/5.0 (X11; Linux x86_64) AppleWebKit/537.36 (KHTML, like Gecko) Chrome/60.0.3112.101 Safari/537.36"
::1 - - [21/Jan/2018:10:52:00 +0000] "POST /user/getList HTTP/1.1" 200 76 "http://localhost:8000/" "Mozilla/5.0 (X11; Linux x86_64) AppleWebKit/537.36 (KHTML, like Gecko) Chrome/60.0.3112.101 Safari/537.36"
::1 - - [21/Jan/2018:10:52:14 +0000] "POST /payment/getPendings HTTP/1.1" 200 77 "http://localhost:8000/" "Mozilla/5.0 (X11; Linux x86_64) AppleWebKit/537.36 (KHTML, like Gecko) Chrome/60.0.3112.101 Safari/537.36"
::1 - - [21/Jan/2018:10:52:14 +0000] "POST /payment/getPendings HTTP/1.1" 200 77 "http://localhost:8000/" "Mozilla/5.0 (X11; Linux x86_64) AppleWebKit/537.36 (KHTML, like Gecko) Chrome/60.0.3112.101 Safari/537.36"
::1 - - [21/Jan/2018:10:52:16 +0000] "POST /payment/getPendings HTTP/1.1" 200 77 "http://localhost:8000/" "Mozilla/5.0 (X11; Linux x86_64) AppleWebKit/537.36 (KHTML, like Gecko) Chrome/60.0.3112.101 Safari/537.36"
::1 - - [21/Jan/2018:10:52:16 +0000] "POST /payment/getPendings HTTP/1.1" 200 77 "http://localhost:8000/" "Mozilla/5.0 (X11; Linux x86_64) AppleWebKit/537.36 (KHTML, like Gecko) Chrome/60.0.3112.101 Safari/537.36"
::1 - - [15/Feb/2018:18:59:33 +0000] "GET /favicon.ico HTTP/1.1" 500 23 "http://localhost:8000/" "Mozilla/5.0 (X11; Linux x86_64) AppleWebKit/537.36 (KHTML, like Gecko) Chrome/60.0.3112.101 Safari/537.36"
::1 - - [15/Feb/2018:18:59:33 +0000] "GET /favicon.ico HTTP/1.1" 500 23 "http://localhost:8000/" "Mozilla/5.0 (X11; Linux x86_64) AppleWebKit/537.36 (KHTML, like Gecko) Chrome/60.0.3112.101 Safari/537.36"
::1 - - [15/Feb/2018:18:59:33 +0000] "POST /user/getList HTTP/1.1" 200 699 "http://localhost:8000/" "Mozilla/5.0 (X11; Linux x86_64) AppleWebKit/537.36 (KHTML, like Gecko) Chrome/60.0.3112.101 Safari/537.36"
::1 - - [15/Feb/2018:18:59:35 +0000] "GET /favicon.ico HTTP/1.1" 500 23 "http://localhost:8000/" "Mozilla/5.0 (X11; Linux x86_64) AppleWebKit/537.36 (KHTML, like Gecko) Chrome/60.0.3112.101 Safari/537.36"
::1 - - [15/Feb/2018:18:59:38 +0000] "POST /eatHistory/getList HTTP/1.1" 200 - "http://localhost:8000/" "Mozilla/5.0 (X11; Linux x86_64) AppleWebKit/537.36 (KHTML, like Gecko) Chrome/60.0.3112.101 Safari/537.36"
::1 - - [15/Feb/2018:18:59:40 +0000] "GET /favicon.ico HTTP/1.1" 500 23 "http://localhost:8000/" "Mozilla/5.0 (X11; Linux x86_64) AppleWebKit/537.36 (KHTML, like Gecko) Chrome/60.0.3112.101 Safari/537.36"
::1 - - [15/Feb/2018:18:59:41 +0000] "POST /payment/getList HTTP/1.1" 200 - "http://localhost:8000/" "Mozilla/5.0 (X11; Linux x86_64) AppleWebKit/537.36 (KHTML, like Gecko) Chrome/60.0.3112.101 Safari/537.36"
::1 - - [15/Feb/2018:18:59:43 +0000] "POST /user/getList HTTP/1.1" 200 333 "http://localhost:8000/" "Mozilla/5.0 (X11; Linux x86_64) AppleWebKit/537.36 (KHTML, like Gecko) Chrome/60.0.3112.101 Safari/537.36"
::1 - - [15/Feb/2018:18:59:43 +0000] "POST /user/getList HTTP/1.1" 200 12 "http://localhost:8000/" "Mozilla/5.0 (X11; Linux x86_64) AppleWebKit/537.36 (KHTML, like Gecko) Chrome/60.0.3112.101 Safari/537.36"
::1 - - [15/Feb/2018:18:59:45 +0000] "POST /user/getList HTTP/1.1" 200 12 "http://localhost:8000/" "Mozilla/5.0 (X11; Linux x86_64) AppleWebKit/537.36 (KHTML, like Gecko) Chrome/60.0.3112.101 Safari/537.36"
::1 - - [15/Feb/2018:18:59:45 +0000] "POST /user/getList HTTP/1.1" 200 333 "http://localhost:8000/" "Mozilla/5.0 (X11; Linux x86_64) AppleWebKit/537.36 (KHTML, like Gecko) Chrome/60.0.3112.101 Safari/537.36"
::1 - - [15/Feb/2018:18:59:45 +0000] "POST /user/getList HTTP/1.1" 200 12 "http://localhost:8000/" "Mozilla/5.0 (X11; Linux x86_64) AppleWebKit/537.36 (KHTML, like Gecko) Chrome/60.0.3112.101 Safari/537.36"
::1 - - [15/Feb/2018:18:59:45 +0000] "POST /user/getList HTTP/1.1" 200 75 "http://localhost:8000/" "Mozilla/5.0 (X11; Linux x86_64) AppleWebKit/537.36 (KHTML, like Gecko) Chrome/60.0.3112.101 Safari/537.36"
::1 - - [15/Feb/2018:18:59:59 +0000] "POST /payment/getPendings HTTP/1.1" 200 398 "http://localhost:8000/" "Mozilla/5.0 (X11; Linux x86_64) AppleWebKit/537.36 (KHTML, like Gecko) Chrome/60.0.3112.101 Safari/537.36"
::1 - - [15/Feb/2018:19:00:00 +0000] "POST /payment/getPendings HTTP/1.1" 200 398 "http://localhost:8000/" "Mozilla/5.0 (X11; Linux x86_64) AppleWebKit/537.36 (KHTML, like Gecko) Chrome/60.0.3112.101 Safari/537.36"
::1 - - [15/Feb/2018:19:00:28 +0000] "POST /user/getList HTTP/1.1" 200 333 "http://localhost:8000/" "Mozilla/5.0 (X11; Linux x86_64) AppleWebKit/537.36 (KHTML, like Gecko) Chrome/60.0.3112.101 Safari/537.36"
::1 - - [15/Feb/2018:19:00:30 +0000] "POST /user/getList HTTP/1.1" 200 75 "http://localhost:8000/" "Mozilla/5.0 (X11; Linux x86_64) AppleWebKit/537.36 (KHTML, like Gecko) Chrome/60.0.3112.101 Safari/537.36"
::1 - - [15/Feb/2018:19:00:47 +0000] "POST /payment/getPendings HTTP/1.1" 200 432 "http://localhost:8000/" "Mozilla/5.0 (X11; Linux x86_64) AppleWebKit/537.36 (KHTML, like Gecko) Chrome/60.0.3112.101 Safari/537.36"
::1 - - [15/Feb/2018:19:00:47 +0000] "POST /payment/getPendings HTTP/1.1" 200 432 "http://localhost:8000/" "Mozilla/5.0 (X11; Linux x86_64) AppleWebKit/537.36 (KHTML, like Gecko) Chrome/60.0.3112.101 Safari/537.36"
